{
  "stats": {
    "suites": 1,
    "tests": 3,
    "passes": 3,
    "pending": 0,
    "failures": 0,
    "start": "2021-05-26T15:35:30.876Z",
    "end": "2021-05-26T15:35:35.475Z",
    "duration": 4599,
    "testsRegistered": 3,
    "passPercent": 100,
    "pendingPercent": 0,
    "other": 0,
    "hasOther": false,
    "skipped": 0,
    "hasSkipped": false
  },
  "results": [
    {
      "uuid": "478fe88c-a90f-427a-9991-1827d043449a",
      "title": "",
      "fullFile": "cypress\\integration\\herokuapp\\form-auth.spec.js",
      "file": "cypress\\integration\\herokuapp\\form-auth.spec.js",
      "beforeHooks": [],
      "afterHooks": [],
      "tests": [],
      "suites": [
        {
          "uuid": "71306eef-18ca-4c9d-9f72-901d580dde97",
          "title": "Login Page",
          "fullFile": "",
          "file": "",
          "beforeHooks": [],
          "afterHooks": [],
          "tests": [
            {
              "title": "should have the correct tagline",
              "fullTitle": "Login Page should have the correct tagline",
              "timedOut": null,
              "duration": 1993,
              "state": "passed",
              "speed": "slow",
              "pass": true,
              "fail": false,
              "pending": false,
              "context": null,
              "code": "utils.assertTagLine(data.form_auth.tagLine);",
              "err": {},
              "uuid": "c2d7aedf-86c1-4b1f-aeb3-7012afa91406",
              "parentUUID": "71306eef-18ca-4c9d-9f72-901d580dde97",
              "isHook": false,
              "skipped": false
            },
            {
              "title": "should login unsuccessfully",
              "fullTitle": "Login Page should login unsuccessfully",
              "timedOut": null,
              "duration": 1263,
              "state": "passed",
              "speed": "slow",
              "pass": true,
              "fail": false,
              "pending": false,
              "context": null,
              "code": "formAuth.login(data.form_auth.username, data.form_auth.badPassword);\nformAuth.assertUnsuccessfulLogin();",
              "err": {},
              "uuid": "86880648-f8bb-4412-9447-30fc8962d657",
              "parentUUID": "71306eef-18ca-4c9d-9f72-901d580dde97",
              "isHook": false,
              "skipped": false
            },
            {
              "title": "should login successfully",
              "fullTitle": "Login Page should login successfully",
              "timedOut": null,
              "duration": 1311,
              "state": "passed",
              "speed": "slow",
              "pass": true,
              "fail": false,
              "pending": false,
              "context": null,
              "code": "formAuth.login(data.form_auth.username, data.form_auth.password);\nformAuth.assertSuccessfulLogin();",
              "err": {},
              "uuid": "7c747ffd-8d6e-4119-8b38-d6c6b76ede5f",
              "parentUUID": "71306eef-18ca-4c9d-9f72-901d580dde97",
              "isHook": false,
              "skipped": false
            }
          ],
          "suites": [],
          "passes": [
            "c2d7aedf-86c1-4b1f-aeb3-7012afa91406",
            "86880648-f8bb-4412-9447-30fc8962d657",
            "7c747ffd-8d6e-4119-8b38-d6c6b76ede5f"
          ],
          "failures": [],
          "pending": [],
          "skipped": [],
          "duration": 4567,
          "root": false,
          "rootEmpty": false,
          "_timeout": 2000
        }
      ],
      "passes": [],
      "failures": [],
      "pending": [],
      "skipped": [],
      "duration": 0,
      "root": true,
      "rootEmpty": true,
      "_timeout": 2000
    }
  ],
  "meta": {
    "mocha": {
      "version": "7.0.1"
    },
    "mochawesome": {
      "options": {
        "quiet": false,
        "reportFilename": "mochawesome",
        "saveHtml": false,
        "saveJson": true,
        "consoleReporter": "spec",
        "useInlineDiffs": false,
        "code": true
      },
      "version": "6.2.2"
    },
    "marge": {
      "options": {
        "overwrite": false,
        "html": false,
        "json": true
      },
      "version": "5.2.0"
    }
  }
}