{
  "stats": {
    "suites": 1,
    "tests": 3,
    "passes": 3,
    "pending": 0,
    "failures": 0,
    "start": "2021-05-26T15:35:09.706Z",
    "end": "2021-05-26T15:35:12.194Z",
    "duration": 2488,
    "testsRegistered": 3,
    "passPercent": 100,
    "pendingPercent": 0,
    "other": 0,
    "hasOther": false,
    "skipped": 0,
    "hasSkipped": false
  },
  "results": [
    {
      "uuid": "88f37dff-f54d-4097-b47b-c333eb4e8634",
      "title": "",
      "fullFile": "cypress\\integration\\herokuapp\\file-upload.spec.js",
      "file": "cypress\\integration\\herokuapp\\file-upload.spec.js",
      "beforeHooks": [],
      "afterHooks": [],
      "tests": [],
      "suites": [
        {
          "uuid": "3fba2d89-6e3c-4eb6-9016-af79977623b8",
          "title": "File Uploader",
          "fullFile": "",
          "file": "",
          "beforeHooks": [],
          "afterHooks": [],
          "tests": [
            {
              "title": "should have the correct tagline",
              "fullTitle": "File Uploader should have the correct tagline",
              "timedOut": null,
              "duration": 1430,
              "state": "passed",
              "speed": "slow",
              "pass": true,
              "fail": false,
              "pending": false,
              "context": null,
              "code": "utils.assertTagLine(data.file_upload.tagLine);",
              "err": {},
              "uuid": "34ccb6a6-fb09-4e0f-b233-bd8148422993",
              "parentUUID": "3fba2d89-6e3c-4eb6-9016-af79977623b8",
              "isHook": false,
              "skipped": false
            },
            {
              "title": "should upload hello_world.txt file",
              "fullTitle": "File Uploader should upload hello_world.txt file",
              "timedOut": null,
              "duration": 529,
              "state": "passed",
              "speed": "slow",
              "pass": true,
              "fail": false,
              "pending": false,
              "context": null,
              "code": "fileUpload.uploadFile('../../downloads/hello_world.txt');",
              "err": {},
              "uuid": "bbc3c4b1-76c8-4ee8-a1cd-4cabd5da5649",
              "parentUUID": "3fba2d89-6e3c-4eb6-9016-af79977623b8",
              "isHook": false,
              "skipped": false
            },
            {
              "title": "should upload test-data.json file",
              "fullTitle": "File Uploader should upload test-data.json file",
              "timedOut": null,
              "duration": 487,
              "state": "passed",
              "speed": "slow",
              "pass": true,
              "fail": false,
              "pending": false,
              "context": null,
              "code": "fileUpload.uploadFile('test-data.json');",
              "err": {},
              "uuid": "2560f17b-f29a-47ed-aa2e-c51118e4137f",
              "parentUUID": "3fba2d89-6e3c-4eb6-9016-af79977623b8",
              "isHook": false,
              "skipped": false
            }
          ],
          "suites": [],
          "passes": [
            "34ccb6a6-fb09-4e0f-b233-bd8148422993",
            "bbc3c4b1-76c8-4ee8-a1cd-4cabd5da5649",
            "2560f17b-f29a-47ed-aa2e-c51118e4137f"
          ],
          "failures": [],
          "pending": [],
          "skipped": [],
          "duration": 2446,
          "root": false,
          "rootEmpty": false,
          "_timeout": 2000
        }
      ],
      "passes": [],
      "failures": [],
      "pending": [],
      "skipped": [],
      "duration": 0,
      "root": true,
      "rootEmpty": true,
      "_timeout": 2000
    }
  ],
  "meta": {
    "mocha": {
      "version": "7.0.1"
    },
    "mochawesome": {
      "options": {
        "quiet": false,
        "reportFilename": "mochawesome",
        "saveHtml": false,
        "saveJson": true,
        "consoleReporter": "spec",
        "useInlineDiffs": false,
        "code": true
      },
      "version": "6.2.2"
    },
    "marge": {
      "options": {
        "overwrite": false,
        "html": false,
        "json": true
      },
      "version": "5.2.0"
    }
  }
}