{
  "stats": {
    "suites": 3,
    "tests": 3,
    "passes": 3,
    "pending": 0,
    "failures": 0,
    "start": "2021-05-26T15:35:38.147Z",
    "end": "2021-05-26T15:35:42.309Z",
    "duration": 4162,
    "testsRegistered": 3,
    "passPercent": 100,
    "pendingPercent": 0,
    "other": 0,
    "hasOther": false,
    "skipped": 0,
    "hasSkipped": false
  },
  "results": [
    {
      "uuid": "414b22f9-70ee-4d1d-bb32-56b9fa4b74f2",
      "title": "",
      "fullFile": "cypress\\integration\\herokuapp\\frames.spec.js",
      "file": "cypress\\integration\\herokuapp\\frames.spec.js",
      "beforeHooks": [],
      "afterHooks": [],
      "tests": [],
      "suites": [
        {
          "uuid": "16674102-4ddb-4ade-a818-571da3adb7ca",
          "title": "Frames",
          "fullFile": "",
          "file": "",
          "beforeHooks": [],
          "afterHooks": [],
          "tests": [
            {
              "title": "should have the correct tagline",
              "fullTitle": "Frames should have the correct tagline",
              "timedOut": null,
              "duration": 1502,
              "state": "passed",
              "speed": "slow",
              "pass": true,
              "fail": false,
              "pending": false,
              "context": null,
              "code": "utils.assertTagLine(data.frames.tagLine);",
              "err": {},
              "uuid": "c53b7ce7-fe5a-4558-9a6e-37a4134609b6",
              "parentUUID": "16674102-4ddb-4ade-a818-571da3adb7ca",
              "isHook": false,
              "skipped": false
            }
          ],
          "suites": [
            {
              "uuid": "34a299aa-8c6f-43be-9596-e8acd8109170",
              "title": "Nested Frames",
              "fullFile": "",
              "file": "",
              "beforeHooks": [],
              "afterHooks": [],
              "tests": [
                {
                  "title": "should assert correctly frames text",
                  "fullTitle": "Frames Nested Frames should assert correctly frames text",
                  "timedOut": null,
                  "duration": 815,
                  "state": "passed",
                  "speed": "slow",
                  "pass": true,
                  "fail": false,
                  "pending": false,
                  "context": null,
                  "code": "frames.goToExample('Nested');\ncy.get('frame[name=\"frame-top\"]').its('0.contentDocument').should('exist').then(function (content) {\n  cy.wrap(content).its('body').should('not.be.undefined').then(cy.wrap).find('frame[name=\"frame-left\"]').its('0.contentDocument').should('exist');\n});",
                  "err": {},
                  "uuid": "43c229da-b29b-4d04-a238-6c1d32818454",
                  "parentUUID": "34a299aa-8c6f-43be-9596-e8acd8109170",
                  "isHook": false,
                  "skipped": false
                }
              ],
              "suites": [],
              "passes": [
                "43c229da-b29b-4d04-a238-6c1d32818454"
              ],
              "failures": [],
              "pending": [],
              "skipped": [],
              "duration": 815,
              "root": false,
              "rootEmpty": false,
              "_timeout": 2000
            },
            {
              "uuid": "339def0a-ec4c-4686-ad47-c33dd977b1e5",
              "title": "iframe",
              "fullFile": "",
              "file": "",
              "beforeHooks": [],
              "afterHooks": [],
              "tests": [
                {
                  "title": "should have correct content in iframe",
                  "fullTitle": "Frames iframe should have correct content in iframe",
                  "timedOut": null,
                  "duration": 1773,
                  "state": "passed",
                  "speed": "slow",
                  "pass": true,
                  "fail": false,
                  "pending": false,
                  "context": null,
                  "code": "frames.goToExample('iFrame');\ncy.get('#mce_0_ifr').its('0.contentDocument').should('exist').then(function (content) {\n  cy.wrap(content).its('body').should('not.be.undefined').then(cy.wrap).find('p').should('have.text', 'Your content goes here.');\n});",
                  "err": {},
                  "uuid": "4d3b12a0-5cdd-4733-b30a-5aeee5972056",
                  "parentUUID": "339def0a-ec4c-4686-ad47-c33dd977b1e5",
                  "isHook": false,
                  "skipped": false
                }
              ],
              "suites": [],
              "passes": [
                "4d3b12a0-5cdd-4733-b30a-5aeee5972056"
              ],
              "failures": [],
              "pending": [],
              "skipped": [],
              "duration": 1773,
              "root": false,
              "rootEmpty": false,
              "_timeout": 2000
            }
          ],
          "passes": [
            "c53b7ce7-fe5a-4558-9a6e-37a4134609b6"
          ],
          "failures": [],
          "pending": [],
          "skipped": [],
          "duration": 1502,
          "root": false,
          "rootEmpty": false,
          "_timeout": 2000
        }
      ],
      "passes": [],
      "failures": [],
      "pending": [],
      "skipped": [],
      "duration": 0,
      "root": true,
      "rootEmpty": true,
      "_timeout": 2000
    }
  ],
  "meta": {
    "mocha": {
      "version": "7.0.1"
    },
    "mochawesome": {
      "options": {
        "quiet": false,
        "reportFilename": "mochawesome",
        "saveHtml": false,
        "saveJson": true,
        "consoleReporter": "spec",
        "useInlineDiffs": false,
        "code": true
      },
      "version": "6.2.2"
    },
    "marge": {
      "options": {
        "overwrite": false,
        "html": false,
        "json": true
      },
      "version": "5.2.0"
    }
  }
}