{
  "stats": {
    "suites": 1,
    "tests": 3,
    "passes": 3,
    "pending": 0,
    "failures": 0,
    "start": "2021-05-26T15:34:52.081Z",
    "end": "2021-05-26T15:34:57.878Z",
    "duration": 5797,
    "testsRegistered": 3,
    "passPercent": 100,
    "pendingPercent": 0,
    "other": 0,
    "hasOther": false,
    "skipped": 0,
    "hasSkipped": false
  },
  "results": [
    {
      "uuid": "79586b22-8479-4d16-b3d2-a9e0195617c3",
      "title": "",
      "fullFile": "cypress\\integration\\herokuapp\\entry-ad.spec.js",
      "file": "cypress\\integration\\herokuapp\\entry-ad.spec.js",
      "beforeHooks": [],
      "afterHooks": [],
      "tests": [],
      "suites": [
        {
          "uuid": "86db1af1-684b-4939-bc92-2ae58ec7d702",
          "title": "Entry Ad",
          "fullFile": "",
          "file": "",
          "beforeHooks": [],
          "afterHooks": [],
          "tests": [
            {
              "title": "should have the correct tagline",
              "fullTitle": "Entry Ad should have the correct tagline",
              "timedOut": null,
              "duration": 1416,
              "state": "passed",
              "speed": "slow",
              "pass": true,
              "fail": false,
              "pending": false,
              "context": null,
              "code": "utils.assertTagLine(data.entry_ad.tagLine);",
              "err": {},
              "uuid": "9b03d976-8d0e-40bc-ada1-11722011f159",
              "parentUUID": "86db1af1-684b-4939-bc92-2ae58ec7d702",
              "isHook": false,
              "skipped": false
            },
            {
              "title": "should close modal",
              "fullTitle": "Entry Ad should close modal",
              "timedOut": null,
              "duration": 1034,
              "state": "passed",
              "speed": "slow",
              "pass": true,
              "fail": false,
              "pending": false,
              "context": null,
              "code": "entryAd.closeModal();\nentryAd.getCloseModalButton().should('not.be.visible');",
              "err": {},
              "uuid": "29f2fc7d-292d-46c1-82ee-cc9eea37d4f0",
              "parentUUID": "86db1af1-684b-4939-bc92-2ae58ec7d702",
              "isHook": false,
              "skipped": false
            },
            {
              "title": "should open modal via click",
              "fullTitle": "Entry Ad should open modal via click",
              "timedOut": null,
              "duration": 3290,
              "state": "passed",
              "speed": "slow",
              "pass": true,
              "fail": false,
              "pending": false,
              "context": null,
              "code": "entryAd.closeModal();\nentryAd.restartAd();\nentryAd.getCloseModalButton().should('be.visible');",
              "err": {},
              "uuid": "3d2febe7-32d6-4ee2-8a54-93eda91260a8",
              "parentUUID": "86db1af1-684b-4939-bc92-2ae58ec7d702",
              "isHook": false,
              "skipped": false
            }
          ],
          "suites": [],
          "passes": [
            "9b03d976-8d0e-40bc-ada1-11722011f159",
            "29f2fc7d-292d-46c1-82ee-cc9eea37d4f0",
            "3d2febe7-32d6-4ee2-8a54-93eda91260a8"
          ],
          "failures": [],
          "pending": [],
          "skipped": [],
          "duration": 5740,
          "root": false,
          "rootEmpty": false,
          "_timeout": 2000
        }
      ],
      "passes": [],
      "failures": [],
      "pending": [],
      "skipped": [],
      "duration": 0,
      "root": true,
      "rootEmpty": true,
      "_timeout": 2000
    }
  ],
  "meta": {
    "mocha": {
      "version": "7.0.1"
    },
    "mochawesome": {
      "options": {
        "quiet": false,
        "reportFilename": "mochawesome",
        "saveHtml": false,
        "saveJson": true,
        "consoleReporter": "spec",
        "useInlineDiffs": false,
        "code": true
      },
      "version": "6.2.2"
    },
    "marge": {
      "options": {
        "overwrite": false,
        "html": false,
        "json": true
      },
      "version": "5.2.0"
    }
  }
}