{
  "stats": {
    "suites": 1,
    "tests": 5,
    "passes": 5,
    "pending": 0,
    "failures": 0,
    "start": "2021-05-26T15:33:33.763Z",
    "end": "2021-05-26T15:33:38.330Z",
    "duration": 4567,
    "testsRegistered": 5,
    "passPercent": 100,
    "pendingPercent": 0,
    "other": 0,
    "hasOther": false,
    "skipped": 0,
    "hasSkipped": false
  },
  "results": [
    {
      "uuid": "4cc8ca79-0cb6-4f1c-9e14-29fcdcda43de",
      "title": "",
      "fullFile": "cypress\\integration\\herokuapp\\challenging-dom.spec.js",
      "file": "cypress\\integration\\herokuapp\\challenging-dom.spec.js",
      "beforeHooks": [],
      "afterHooks": [],
      "tests": [],
      "suites": [
        {
          "uuid": "60b46df5-4427-49a4-9cb5-c03fc088ba40",
          "title": "Challenging DOM",
          "fullFile": "",
          "file": "",
          "beforeHooks": [],
          "afterHooks": [],
          "tests": [
            {
              "title": "should have the correct tagline",
              "fullTitle": "Challenging DOM should have the correct tagline",
              "timedOut": null,
              "duration": 2977,
              "state": "passed",
              "speed": "slow",
              "pass": true,
              "fail": false,
              "pending": false,
              "context": null,
              "code": "utils.assertTagLine(data.challenging_dom.tagLine);",
              "err": {},
              "uuid": "95c83051-323c-423f-8001-3b72594dfd2f",
              "parentUUID": "60b46df5-4427-49a4-9cb5-c03fc088ba40",
              "isHook": false,
              "skipped": false
            },
            {
              "title": "should have 3 buttons in the left sidebar",
              "fullTitle": "Challenging DOM should have 3 buttons in the left sidebar",
              "timedOut": null,
              "duration": 336,
              "state": "passed",
              "speed": "slow",
              "pass": true,
              "fail": false,
              "pending": false,
              "context": null,
              "code": "utils.assertLength(cDOM.getLeftButtons(), 3);",
              "err": {},
              "uuid": "7f9c7ff1-c793-4b61-bd69-1082cb01d9d4",
              "parentUUID": "60b46df5-4427-49a4-9cb5-c03fc088ba40",
              "isHook": false,
              "skipped": false
            },
            {
              "title": "should assert that each row has an edit button",
              "fullTitle": "Challenging DOM should assert that each row has an edit button",
              "timedOut": null,
              "duration": 423,
              "state": "passed",
              "speed": "slow",
              "pass": true,
              "fail": false,
              "pending": false,
              "context": null,
              "code": "cDOM.assertRowsContainSelector(cDOM.editButton());",
              "err": {},
              "uuid": "9cebb126-6eb9-44b9-8229-3df64e9e4c19",
              "parentUUID": "60b46df5-4427-49a4-9cb5-c03fc088ba40",
              "isHook": false,
              "skipped": false
            },
            {
              "title": "should assert that each row has a Delete button",
              "fullTitle": "Challenging DOM should assert that each row has a Delete button",
              "timedOut": null,
              "duration": 423,
              "state": "passed",
              "speed": "slow",
              "pass": true,
              "fail": false,
              "pending": false,
              "context": null,
              "code": "cDOM.assertRowsContainSelector(cDOM.deleteButton());",
              "err": {},
              "uuid": "625d36b5-3178-4f59-ba49-b2cc7c25a4ee",
              "parentUUID": "60b46df5-4427-49a4-9cb5-c03fc088ba40",
              "isHook": false,
              "skipped": false
            },
            {
              "title": "should display canvas",
              "fullTitle": "Challenging DOM should display canvas",
              "timedOut": null,
              "duration": 331,
              "state": "passed",
              "speed": "slow",
              "pass": true,
              "fail": false,
              "pending": false,
              "context": null,
              "code": "utils.assertElementIsDisplayed('#canvas');",
              "err": {},
              "uuid": "8d0771c9-ca14-45dd-a388-1d04a9221174",
              "parentUUID": "60b46df5-4427-49a4-9cb5-c03fc088ba40",
              "isHook": false,
              "skipped": false
            }
          ],
          "suites": [],
          "passes": [
            "95c83051-323c-423f-8001-3b72594dfd2f",
            "7f9c7ff1-c793-4b61-bd69-1082cb01d9d4",
            "9cebb126-6eb9-44b9-8229-3df64e9e4c19",
            "625d36b5-3178-4f59-ba49-b2cc7c25a4ee",
            "8d0771c9-ca14-45dd-a388-1d04a9221174"
          ],
          "failures": [],
          "pending": [],
          "skipped": [],
          "duration": 4490,
          "root": false,
          "rootEmpty": false,
          "_timeout": 2000
        }
      ],
      "passes": [],
      "failures": [],
      "pending": [],
      "skipped": [],
      "duration": 0,
      "root": true,
      "rootEmpty": true,
      "_timeout": 2000
    }
  ],
  "meta": {
    "mocha": {
      "version": "7.0.1"
    },
    "mochawesome": {
      "options": {
        "quiet": false,
        "reportFilename": "mochawesome",
        "saveHtml": false,
        "saveJson": true,
        "consoleReporter": "spec",
        "useInlineDiffs": false,
        "code": true
      },
      "version": "6.2.2"
    },
    "marge": {
      "options": {
        "overwrite": false,
        "html": false,
        "json": true
      },
      "version": "5.2.0"
    }
  }
}