{
  "stats": {
    "suites": 1,
    "tests": 3,
    "passes": 3,
    "pending": 0,
    "failures": 0,
    "start": "2021-05-26T15:33:41.332Z",
    "end": "2021-05-26T15:33:43.934Z",
    "duration": 2602,
    "testsRegistered": 3,
    "passPercent": 100,
    "pendingPercent": 0,
    "other": 0,
    "hasOther": false,
    "skipped": 0,
    "hasSkipped": false
  },
  "results": [
    {
      "uuid": "600fb41c-cd01-4f0a-a4b3-6e46391f9e9e",
      "title": "",
      "fullFile": "cypress\\integration\\herokuapp\\checkboxes.spec.js",
      "file": "cypress\\integration\\herokuapp\\checkboxes.spec.js",
      "beforeHooks": [],
      "afterHooks": [],
      "tests": [],
      "suites": [
        {
          "uuid": "8a72223c-62d1-4b27-8823-af1741e56200",
          "title": "Checkboxes",
          "fullFile": "",
          "file": "",
          "beforeHooks": [],
          "afterHooks": [],
          "tests": [
            {
              "title": "should have the correct tagline",
              "fullTitle": "Checkboxes should have the correct tagline",
              "timedOut": null,
              "duration": 1807,
              "state": "passed",
              "speed": "slow",
              "pass": true,
              "fail": false,
              "pending": false,
              "context": null,
              "code": "utils.assertTagLine(data.checkboxes.tagLine);",
              "err": {},
              "uuid": "47f7db50-1953-479c-9c62-e363a8bce66d",
              "parentUUID": "8a72223c-62d1-4b27-8823-af1741e56200",
              "isHook": false,
              "skipped": false
            },
            {
              "title": "asserts checkbox1 is unchecked and checkbox 2 is checked",
              "fullTitle": "Checkboxes asserts checkbox1 is unchecked and checkbox 2 is checked",
              "timedOut": null,
              "duration": 291,
              "state": "passed",
              "speed": "slow",
              "pass": true,
              "fail": false,
              "pending": false,
              "context": null,
              "code": "checkbox.assertNthCheckboxIsUnchecked(0);\ncheckbox.assertNthCheckboxIsChecked(1);",
              "err": {},
              "uuid": "dc5fd238-c4c7-4f07-86fb-6512cfb99c10",
              "parentUUID": "8a72223c-62d1-4b27-8823-af1741e56200",
              "isHook": false,
              "skipped": false
            },
            {
              "title": "checks checkbox 1 and unchecks checkox 2",
              "fullTitle": "Checkboxes checks checkbox 1 and unchecks checkox 2",
              "timedOut": null,
              "duration": 460,
              "state": "passed",
              "speed": "slow",
              "pass": true,
              "fail": false,
              "pending": false,
              "context": null,
              "code": "checkbox.checkNthCheckbox(0);\ncheckbox.uncheckNthCheckbox(1);\ncheckbox.assertNthCheckboxIsChecked(0);\ncheckbox.assertNthCheckboxIsUnchecked(1);",
              "err": {},
              "uuid": "ab1bd27e-b930-444f-83d8-45cd80bb4a0b",
              "parentUUID": "8a72223c-62d1-4b27-8823-af1741e56200",
              "isHook": false,
              "skipped": false
            }
          ],
          "suites": [],
          "passes": [
            "47f7db50-1953-479c-9c62-e363a8bce66d",
            "dc5fd238-c4c7-4f07-86fb-6512cfb99c10",
            "ab1bd27e-b930-444f-83d8-45cd80bb4a0b"
          ],
          "failures": [],
          "pending": [],
          "skipped": [],
          "duration": 2558,
          "root": false,
          "rootEmpty": false,
          "_timeout": 2000
        }
      ],
      "passes": [],
      "failures": [],
      "pending": [],
      "skipped": [],
      "duration": 0,
      "root": true,
      "rootEmpty": true,
      "_timeout": 2000
    }
  ],
  "meta": {
    "mocha": {
      "version": "7.0.1"
    },
    "mochawesome": {
      "options": {
        "quiet": false,
        "reportFilename": "mochawesome",
        "saveHtml": false,
        "saveJson": true,
        "consoleReporter": "spec",
        "useInlineDiffs": false,
        "code": true
      },
      "version": "6.2.2"
    },
    "marge": {
      "options": {
        "overwrite": false,
        "html": false,
        "json": true
      },
      "version": "5.2.0"
    }
  }
}