{
  "stats": {
    "suites": 1,
    "tests": 2,
    "passes": 2,
    "pending": 0,
    "failures": 0,
    "start": "2021-05-26T15:36:04.043Z",
    "end": "2021-05-26T15:36:06.263Z",
    "duration": 2220,
    "testsRegistered": 2,
    "passPercent": 100,
    "pendingPercent": 0,
    "other": 0,
    "hasOther": false,
    "skipped": 0,
    "hasSkipped": false
  },
  "results": [
    {
      "uuid": "488fa980-7628-4089-9a14-9a5a68137a42",
      "title": "",
      "fullFile": "cypress\\integration\\herokuapp\\inputs.spec.js",
      "file": "cypress\\integration\\herokuapp\\inputs.spec.js",
      "beforeHooks": [],
      "afterHooks": [],
      "tests": [],
      "suites": [
        {
          "uuid": "fca81eeb-a06f-4d75-9478-d3357ab5a519",
          "title": "Inputs",
          "fullFile": "",
          "file": "",
          "beforeHooks": [],
          "afterHooks": [],
          "tests": [
            {
              "title": "should have the correct tagline",
              "fullTitle": "Inputs should have the correct tagline",
              "timedOut": null,
              "duration": 1141,
              "state": "passed",
              "speed": "slow",
              "pass": true,
              "fail": false,
              "pending": false,
              "context": null,
              "code": "utils.assertTagLine(data.inputs.tagLine);",
              "err": {},
              "uuid": "6f7e95fc-2fd6-4b73-abb4-2d1abc476a3b",
              "parentUUID": "fca81eeb-a06f-4d75-9478-d3357ab5a519",
              "isHook": false,
              "skipped": false
            },
            {
              "title": "should only accept numbers",
              "fullTitle": "Inputs should only accept numbers",
              "timedOut": null,
              "duration": 1041,
              "state": "passed",
              "speed": "slow",
              "pass": true,
              "fail": false,
              "pending": false,
              "context": null,
              "code": "utils.type('asdasdas1223f', inputs.getInput());\ninputs.getInput().should('have.value', '1223');\ninputs.getInput().clear();\nutils.type('123', inputs.getInput());\ninputs.getInput().should('have.value', '123');\ninputs.getInput().clear();\nutils.type('abcdefghijk', inputs.getInput());\ninputs.getInput().should('have.value', '');",
              "err": {},
              "uuid": "690e91d9-bd30-47e1-8f8f-3626fb58b84a",
              "parentUUID": "fca81eeb-a06f-4d75-9478-d3357ab5a519",
              "isHook": false,
              "skipped": false
            }
          ],
          "suites": [],
          "passes": [
            "6f7e95fc-2fd6-4b73-abb4-2d1abc476a3b",
            "690e91d9-bd30-47e1-8f8f-3626fb58b84a"
          ],
          "failures": [],
          "pending": [],
          "skipped": [],
          "duration": 2182,
          "root": false,
          "rootEmpty": false,
          "_timeout": 2000
        }
      ],
      "passes": [],
      "failures": [],
      "pending": [],
      "skipped": [],
      "duration": 0,
      "root": true,
      "rootEmpty": true,
      "_timeout": 2000
    }
  ],
  "meta": {
    "mocha": {
      "version": "7.0.1"
    },
    "mochawesome": {
      "options": {
        "quiet": false,
        "reportFilename": "mochawesome",
        "saveHtml": false,
        "saveJson": true,
        "consoleReporter": "spec",
        "useInlineDiffs": false,
        "code": true
      },
      "version": "6.2.2"
    },
    "marge": {
      "options": {
        "overwrite": false,
        "html": false,
        "json": true
      },
      "version": "5.2.0"
    }
  }
}