{
  "stats": {
    "suites": 1,
    "tests": 2,
    "passes": 2,
    "pending": 0,
    "failures": 0,
    "start": "2021-05-26T15:33:28.963Z",
    "end": "2021-05-26T15:33:30.993Z",
    "duration": 2030,
    "testsRegistered": 2,
    "passPercent": 100,
    "pendingPercent": 0,
    "other": 0,
    "hasOther": false,
    "skipped": 0,
    "hasSkipped": false
  },
  "results": [
    {
      "uuid": "2b3b516f-1883-466b-bf14-6b7c3741e854",
      "title": "",
      "fullFile": "cypress\\integration\\herokuapp\\broken-images.spec.js",
      "file": "cypress\\integration\\herokuapp\\broken-images.spec.js",
      "beforeHooks": [],
      "afterHooks": [],
      "tests": [],
      "suites": [
        {
          "uuid": "b4d3dcc1-9220-4a5c-9bde-a16eb231fb8c",
          "title": "Broken Images",
          "fullFile": "",
          "file": "",
          "beforeHooks": [],
          "afterHooks": [],
          "tests": [
            {
              "title": "should have the correct tag line",
              "fullTitle": "Broken Images should have the correct tag line",
              "timedOut": null,
              "duration": 1584,
              "state": "passed",
              "speed": "slow",
              "pass": true,
              "fail": false,
              "pending": false,
              "context": null,
              "code": "utils.assertTagLine(data.broken_images.tagLine);",
              "err": {},
              "uuid": "69ba56b5-354e-4a33-a3b0-14ca34d25cd8",
              "parentUUID": "b4d3dcc1-9220-4a5c-9bde-a16eb231fb8c",
              "isHook": false,
              "skipped": false
            },
            {
              "title": "should check the first two images are broken and the third is NOT",
              "fullTitle": "Broken Images should check the first two images are broken and the third is NOT",
              "timedOut": null,
              "duration": 417,
              "state": "passed",
              "speed": "slow",
              "pass": true,
              "fail": false,
              "pending": false,
              "context": null,
              "code": "images.nthImageIsBroken(0);\nimages.nthImageIsBroken(1);\nimages.nthImageIsIsNotBroken(2);",
              "err": {},
              "uuid": "05b20434-a56c-4d57-b099-31bd6ea5c9b6",
              "parentUUID": "b4d3dcc1-9220-4a5c-9bde-a16eb231fb8c",
              "isHook": false,
              "skipped": false
            }
          ],
          "suites": [],
          "passes": [
            "69ba56b5-354e-4a33-a3b0-14ca34d25cd8",
            "05b20434-a56c-4d57-b099-31bd6ea5c9b6"
          ],
          "failures": [],
          "pending": [],
          "skipped": [],
          "duration": 2001,
          "root": false,
          "rootEmpty": false,
          "_timeout": 2000
        }
      ],
      "passes": [],
      "failures": [],
      "pending": [],
      "skipped": [],
      "duration": 0,
      "root": true,
      "rootEmpty": true,
      "_timeout": 2000
    }
  ],
  "meta": {
    "mocha": {
      "version": "7.0.1"
    },
    "mochawesome": {
      "options": {
        "quiet": false,
        "reportFilename": "mochawesome",
        "saveHtml": false,
        "saveJson": true,
        "consoleReporter": "spec",
        "useInlineDiffs": false,
        "code": true
      },
      "version": "6.2.2"
    },
    "marge": {
      "options": {
        "overwrite": false,
        "html": false,
        "json": true
      },
      "version": "5.2.0"
    }
  }
}