{
  "stats": {
    "suites": 1,
    "tests": 2,
    "passes": 2,
    "pending": 0,
    "failures": 0,
    "start": "2021-05-26T15:35:14.959Z",
    "end": "2021-05-26T15:35:16.795Z",
    "duration": 1836,
    "testsRegistered": 2,
    "passPercent": 100,
    "pendingPercent": 0,
    "other": 0,
    "hasOther": false,
    "skipped": 0,
    "hasSkipped": false
  },
  "results": [
    {
      "uuid": "ef37dac6-490a-48b8-a779-5ec4d102a1da",
      "title": "",
      "fullFile": "cypress\\integration\\herokuapp\\floating-menu.spec.js",
      "file": "cypress\\integration\\herokuapp\\floating-menu.spec.js",
      "beforeHooks": [],
      "afterHooks": [],
      "tests": [],
      "suites": [
        {
          "uuid": "65a61e7a-a994-46db-b250-8fc026b0bb5c",
          "title": "Floating Menu",
          "fullFile": "",
          "file": "",
          "beforeHooks": [],
          "afterHooks": [],
          "tests": [
            {
              "title": "should have the correct tagline",
              "fullTitle": "Floating Menu should have the correct tagline",
              "timedOut": null,
              "duration": 1375,
              "state": "passed",
              "speed": "slow",
              "pass": true,
              "fail": false,
              "pending": false,
              "context": null,
              "code": "utils.assertTagLine(data.floating_menu.tagLine);",
              "err": {},
              "uuid": "17819946-652a-4c2c-954b-62f56b2b582d",
              "parentUUID": "65a61e7a-a994-46db-b250-8fc026b0bb5c",
              "isHook": false,
              "skipped": false
            },
            {
              "title": "should scroll page and menu should be in viewport",
              "fullTitle": "Floating Menu should scroll page and menu should be in viewport",
              "timedOut": null,
              "duration": 429,
              "state": "passed",
              "speed": "slow",
              "pass": true,
              "fail": false,
              "pending": false,
              "context": null,
              "code": "floating.getMenu().should('be.inViewport');\nfloating.pageFooter().should('not.be.inViewport');\ncy.scrollTo('bottom');\nfloating.getMenu().should('be.inViewport');\nfloating.pageFooter().should('be.inViewport');",
              "err": {},
              "uuid": "62d66d91-6078-4b34-bbc7-df6c45a42178",
              "parentUUID": "65a61e7a-a994-46db-b250-8fc026b0bb5c",
              "isHook": false,
              "skipped": false
            }
          ],
          "suites": [],
          "passes": [
            "17819946-652a-4c2c-954b-62f56b2b582d",
            "62d66d91-6078-4b34-bbc7-df6c45a42178"
          ],
          "failures": [],
          "pending": [],
          "skipped": [],
          "duration": 1804,
          "root": false,
          "rootEmpty": false,
          "_timeout": 2000
        }
      ],
      "passes": [],
      "failures": [],
      "pending": [],
      "skipped": [],
      "duration": 0,
      "root": true,
      "rootEmpty": true,
      "_timeout": 2000
    }
  ],
  "meta": {
    "mocha": {
      "version": "7.0.1"
    },
    "mochawesome": {
      "options": {
        "quiet": false,
        "reportFilename": "mochawesome",
        "saveHtml": false,
        "saveJson": true,
        "consoleReporter": "spec",
        "useInlineDiffs": false,
        "code": true
      },
      "version": "6.2.2"
    },
    "marge": {
      "options": {
        "overwrite": false,
        "html": false,
        "json": true
      },
      "version": "5.2.0"
    }
  }
}