{
  "stats": {
    "suites": 3,
    "tests": 3,
    "passes": 3,
    "pending": 0,
    "failures": 0,
    "start": "2021-05-26T15:34:36.018Z",
    "end": "2021-05-26T15:34:49.062Z",
    "duration": 13044,
    "testsRegistered": 3,
    "passPercent": 100,
    "pendingPercent": 0,
    "other": 0,
    "hasOther": false,
    "skipped": 0,
    "hasSkipped": false
  },
  "results": [
    {
      "uuid": "702033f6-70d2-4da2-8d26-ae1b17fd9df7",
      "title": "",
      "fullFile": "cypress\\integration\\herokuapp\\dynamic-loading.spec.js",
      "file": "cypress\\integration\\herokuapp\\dynamic-loading.spec.js",
      "beforeHooks": [],
      "afterHooks": [],
      "tests": [],
      "suites": [
        {
          "uuid": "aec45aff-e521-4c1b-81c8-38ccd4f1087f",
          "title": "Dynamically Loaded Page Elements",
          "fullFile": "",
          "file": "",
          "beforeHooks": [],
          "afterHooks": [],
          "tests": [
            {
              "title": "should have the correct tagline",
              "fullTitle": "Dynamically Loaded Page Elements should have the correct tagline",
              "timedOut": null,
              "duration": 1453,
              "state": "passed",
              "speed": "slow",
              "pass": true,
              "fail": false,
              "pending": false,
              "context": null,
              "code": "utils.assertTagLine(data.dynamic_loading.tagLine);",
              "err": {},
              "uuid": "dc9415a2-04dd-47af-983a-dd727ef04ed1",
              "parentUUID": "aec45aff-e521-4c1b-81c8-38ccd4f1087f",
              "isHook": false,
              "skipped": false
            }
          ],
          "suites": [
            {
              "uuid": "01c48998-8298-44e7-8d6b-a54cb1122739",
              "title": "Example 1",
              "fullFile": "",
              "file": "",
              "beforeHooks": [],
              "afterHooks": [],
              "tests": [
                {
                  "title": "should click start to see the message",
                  "fullTitle": "Dynamically Loaded Page Elements Example 1 should click start to see the message",
                  "timedOut": null,
                  "duration": 5556,
                  "state": "passed",
                  "speed": "slow",
                  "pass": true,
                  "fail": false,
                  "pending": false,
                  "context": null,
                  "code": "dynamic.goToExample(1);\ndynamic.getStartButton().should('be.visible');\ndynamic.getFinishElement().should('be.hidden');\nutils.clickOn(dynamic.getStartButton());\ndynamic.getFinishElement().should('be.visible').and('have.text', 'Hello World!');",
                  "err": {},
                  "uuid": "a51a116f-73e2-4513-88e8-37b5ba263b01",
                  "parentUUID": "01c48998-8298-44e7-8d6b-a54cb1122739",
                  "isHook": false,
                  "skipped": false
                }
              ],
              "suites": [],
              "passes": [
                "a51a116f-73e2-4513-88e8-37b5ba263b01"
              ],
              "failures": [],
              "pending": [],
              "skipped": [],
              "duration": 5556,
              "root": false,
              "rootEmpty": false,
              "_timeout": 2000
            },
            {
              "uuid": "43f7b3c4-deb1-4a4d-ad5f-ef37e92a43f7",
              "title": "Example 2",
              "fullFile": "",
              "file": "",
              "beforeHooks": [],
              "afterHooks": [],
              "tests": [
                {
                  "title": "should click start to see the message",
                  "fullTitle": "Dynamically Loaded Page Elements Example 2 should click start to see the message",
                  "timedOut": null,
                  "duration": 5992,
                  "state": "passed",
                  "speed": "slow",
                  "pass": true,
                  "fail": false,
                  "pending": false,
                  "context": null,
                  "code": "dynamic.goToExample(2);\ndynamic.getStartButton().should('be.visible');\ndynamic.getFinishElement().should('not.exist');\nutils.clickOn(dynamic.getStartButton());\ndynamic.getFinishElement().should('be.visible').and('have.text', 'Hello World!');",
                  "err": {},
                  "uuid": "676da1c9-d206-4851-a9d2-debe651873a2",
                  "parentUUID": "43f7b3c4-deb1-4a4d-ad5f-ef37e92a43f7",
                  "isHook": false,
                  "skipped": false
                }
              ],
              "suites": [],
              "passes": [
                "676da1c9-d206-4851-a9d2-debe651873a2"
              ],
              "failures": [],
              "pending": [],
              "skipped": [],
              "duration": 5992,
              "root": false,
              "rootEmpty": false,
              "_timeout": 2000
            }
          ],
          "passes": [
            "dc9415a2-04dd-47af-983a-dd727ef04ed1"
          ],
          "failures": [],
          "pending": [],
          "skipped": [],
          "duration": 1453,
          "root": false,
          "rootEmpty": false,
          "_timeout": 2000
        }
      ],
      "passes": [],
      "failures": [],
      "pending": [],
      "skipped": [],
      "duration": 0,
      "root": true,
      "rootEmpty": true,
      "_timeout": 2000
    }
  ],
  "meta": {
    "mocha": {
      "version": "7.0.1"
    },
    "mochawesome": {
      "options": {
        "quiet": false,
        "reportFilename": "mochawesome",
        "saveHtml": false,
        "saveJson": true,
        "consoleReporter": "spec",
        "useInlineDiffs": false,
        "code": true
      },
      "version": "6.2.2"
    },
    "marge": {
      "options": {
        "overwrite": false,
        "html": false,
        "json": true
      },
      "version": "5.2.0"
    }
  }
}