{
  "stats": {
    "suites": 1,
    "tests": 2,
    "passes": 2,
    "pending": 0,
    "failures": 0,
    "start": "2021-05-26T15:36:21.688Z",
    "end": "2021-05-26T15:36:23.533Z",
    "duration": 1845,
    "testsRegistered": 2,
    "passPercent": 100,
    "pendingPercent": 0,
    "other": 0,
    "hasOther": false,
    "skipped": 0,
    "hasSkipped": false
  },
  "results": [
    {
      "uuid": "b653a164-ce60-4334-ae8c-ed33ce31a9cb",
      "title": "",
      "fullFile": "cypress\\integration\\herokuapp\\redirection.spec.js",
      "file": "cypress\\integration\\herokuapp\\redirection.spec.js",
      "beforeHooks": [],
      "afterHooks": [],
      "tests": [],
      "suites": [
        {
          "uuid": "1a64d833-baee-43ef-81cc-8e1ddc9a1edc",
          "title": "Redirection",
          "fullFile": "",
          "file": "",
          "beforeHooks": [],
          "afterHooks": [],
          "tests": [
            {
              "title": "should have the correct tagline",
              "fullTitle": "Redirection should have the correct tagline",
              "timedOut": null,
              "duration": 1182,
              "state": "passed",
              "speed": "slow",
              "pass": true,
              "fail": false,
              "pending": false,
              "context": null,
              "code": "utils.assertTagLine(data.redirect_link.tagLine);",
              "err": {},
              "uuid": "cf5ba565-e89f-4561-9df7-d0343330036c",
              "parentUUID": "1a64d833-baee-43ef-81cc-8e1ddc9a1edc",
              "isHook": false,
              "skipped": false
            },
            {
              "title": "should succefully redirect user to status codes page",
              "fullTitle": "Redirection should succefully redirect user to status codes page",
              "timedOut": null,
              "duration": 635,
              "state": "passed",
              "speed": "slow",
              "pass": true,
              "fail": false,
              "pending": false,
              "context": null,
              "code": "cy.get('a[href=\"redirect\"]').click();\ncy.url().should('eq', 'http://the-internet.herokuapp.com/status_codes');",
              "err": {},
              "uuid": "7b6d089b-19e0-420f-b144-e125e1acba7d",
              "parentUUID": "1a64d833-baee-43ef-81cc-8e1ddc9a1edc",
              "isHook": false,
              "skipped": false
            }
          ],
          "suites": [],
          "passes": [
            "cf5ba565-e89f-4561-9df7-d0343330036c",
            "7b6d089b-19e0-420f-b144-e125e1acba7d"
          ],
          "failures": [],
          "pending": [],
          "skipped": [],
          "duration": 1817,
          "root": false,
          "rootEmpty": false,
          "_timeout": 2000
        }
      ],
      "passes": [],
      "failures": [],
      "pending": [],
      "skipped": [],
      "duration": 0,
      "root": true,
      "rootEmpty": true,
      "_timeout": 2000
    }
  ],
  "meta": {
    "mocha": {
      "version": "7.0.1"
    },
    "mochawesome": {
      "options": {
        "quiet": false,
        "reportFilename": "mochawesome",
        "saveHtml": false,
        "saveJson": true,
        "consoleReporter": "spec",
        "useInlineDiffs": false,
        "code": true
      },
      "version": "6.2.2"
    },
    "marge": {
      "options": {
        "overwrite": false,
        "html": false,
        "json": true
      },
      "version": "5.2.0"
    }
  }
}