{
  "stats": {
    "suites": 1,
    "tests": 4,
    "passes": 4,
    "pending": 0,
    "failures": 0,
    "start": "2021-05-26T15:36:09.074Z",
    "end": "2021-05-26T15:36:11.434Z",
    "duration": 2360,
    "testsRegistered": 4,
    "passPercent": 100,
    "pendingPercent": 0,
    "other": 0,
    "hasOther": false,
    "skipped": 0,
    "hasSkipped": false
  },
  "results": [
    {
      "uuid": "8997db38-0d39-4b09-aa36-d8d63b81ca72",
      "title": "",
      "fullFile": "cypress\\integration\\herokuapp\\js-alerts.spec.js",
      "file": "cypress\\integration\\herokuapp\\js-alerts.spec.js",
      "beforeHooks": [],
      "afterHooks": [],
      "tests": [],
      "suites": [
        {
          "uuid": "3a8f318f-b895-48d9-a0c4-37ad894fdab8",
          "title": "JavaScript Alerts",
          "fullFile": "",
          "file": "",
          "beforeHooks": [],
          "afterHooks": [],
          "tests": [
            {
              "title": "should have the correct tagline",
              "fullTitle": "JavaScript Alerts should have the correct tagline",
              "timedOut": null,
              "duration": 1308,
              "state": "passed",
              "speed": "slow",
              "pass": true,
              "fail": false,
              "pending": false,
              "context": null,
              "code": "utils.assertTagLine(data.js_alerts.tagLine);",
              "err": {},
              "uuid": "9f905bd9-98d6-4299-ad67-28eb3c4832df",
              "parentUUID": "3a8f318f-b895-48d9-a0c4-37ad894fdab8",
              "isHook": false,
              "skipped": false
            },
            {
              "title": "should assert correct alert",
              "fullTitle": "JavaScript Alerts should assert correct alert",
              "timedOut": null,
              "duration": 351,
              "state": "passed",
              "speed": "slow",
              "pass": true,
              "fail": false,
              "pending": false,
              "context": null,
              "code": "alerts.getAlertButton().click();\nalerts.getResult().should('have.text', 'You successfully clicked an alert');",
              "err": {},
              "uuid": "b5e2be5d-78ad-4570-a234-20be0dc5023b",
              "parentUUID": "3a8f318f-b895-48d9-a0c4-37ad894fdab8",
              "isHook": false,
              "skipped": false
            },
            {
              "title": "should assert correct confirm",
              "fullTitle": "JavaScript Alerts should assert correct confirm",
              "timedOut": null,
              "duration": 335,
              "state": "passed",
              "speed": "slow",
              "pass": true,
              "fail": false,
              "pending": false,
              "context": null,
              "code": "alerts.getConfirmButton().click();\nalerts.getResult().should('have.text', 'You clicked: Ok');",
              "err": {},
              "uuid": "89dfa33b-a110-4c0d-ad08-de07103d93be",
              "parentUUID": "3a8f318f-b895-48d9-a0c4-37ad894fdab8",
              "isHook": false,
              "skipped": false
            },
            {
              "title": "should assert correct prompt",
              "fullTitle": "JavaScript Alerts should assert correct prompt",
              "timedOut": null,
              "duration": 330,
              "state": "passed",
              "speed": "slow",
              "pass": true,
              "fail": false,
              "pending": false,
              "context": null,
              "code": "alerts.getPromptButton().click();\nalerts.getResult().should('have.text', 'You entered: null');",
              "err": {},
              "uuid": "dd04f6a3-c0aa-40f8-a3d1-e0007b98340e",
              "parentUUID": "3a8f318f-b895-48d9-a0c4-37ad894fdab8",
              "isHook": false,
              "skipped": false
            }
          ],
          "suites": [],
          "passes": [
            "9f905bd9-98d6-4299-ad67-28eb3c4832df",
            "b5e2be5d-78ad-4570-a234-20be0dc5023b",
            "89dfa33b-a110-4c0d-ad08-de07103d93be",
            "dd04f6a3-c0aa-40f8-a3d1-e0007b98340e"
          ],
          "failures": [],
          "pending": [],
          "skipped": [],
          "duration": 2324,
          "root": false,
          "rootEmpty": false,
          "_timeout": 2000
        }
      ],
      "passes": [],
      "failures": [],
      "pending": [],
      "skipped": [],
      "duration": 0,
      "root": true,
      "rootEmpty": true,
      "_timeout": 2000
    }
  ],
  "meta": {
    "mocha": {
      "version": "7.0.1"
    },
    "mochawesome": {
      "options": {
        "quiet": false,
        "reportFilename": "mochawesome",
        "saveHtml": false,
        "saveJson": true,
        "consoleReporter": "spec",
        "useInlineDiffs": false,
        "code": true
      },
      "version": "6.2.2"
    },
    "marge": {
      "options": {
        "overwrite": false,
        "html": false,
        "json": true
      },
      "version": "5.2.0"
    }
  }
}