{
  "stats": {
    "suites": 1,
    "tests": 2,
    "passes": 2,
    "pending": 0,
    "failures": 0,
    "start": "2021-05-26T15:35:45.168Z",
    "end": "2021-05-26T15:35:46.978Z",
    "duration": 1810,
    "testsRegistered": 2,
    "passPercent": 100,
    "pendingPercent": 0,
    "other": 0,
    "hasOther": false,
    "skipped": 0,
    "hasSkipped": false
  },
  "results": [
    {
      "uuid": "2128d759-d829-4fc1-8f81-7342bcaa528a",
      "title": "",
      "fullFile": "cypress\\integration\\herokuapp\\horizontal-slider.spec.js",
      "file": "cypress\\integration\\herokuapp\\horizontal-slider.spec.js",
      "beforeHooks": [],
      "afterHooks": [],
      "tests": [],
      "suites": [
        {
          "uuid": "8c4b1f86-1699-42fb-87a3-d7c3611982c7",
          "title": "Horizontal Slider",
          "fullFile": "",
          "file": "",
          "beforeHooks": [],
          "afterHooks": [],
          "tests": [
            {
              "title": "should have the correct tagline",
              "fullTitle": "Horizontal Slider should have the correct tagline",
              "timedOut": null,
              "duration": 1466,
              "state": "passed",
              "speed": "slow",
              "pass": true,
              "fail": false,
              "pending": false,
              "context": null,
              "code": "utils.assertTagLine(data.horizontal_slider.tagLine);",
              "err": {},
              "uuid": "84ede052-b997-423e-8e26-f8c69bc03053",
              "parentUUID": "8c4b1f86-1699-42fb-87a3-d7c3611982c7",
              "isHook": false,
              "skipped": false
            },
            {
              "title": "should update slider",
              "fullTitle": "Horizontal Slider should update slider",
              "timedOut": null,
              "duration": 314,
              "state": "passed",
              "speed": "slow",
              "pass": true,
              "fail": false,
              "pending": false,
              "context": null,
              "code": "slider.updateInputValue(3);\nslider.assertValue(3);",
              "err": {},
              "uuid": "606d2e46-f3e6-4c92-bbea-639006328aa4",
              "parentUUID": "8c4b1f86-1699-42fb-87a3-d7c3611982c7",
              "isHook": false,
              "skipped": false
            }
          ],
          "suites": [],
          "passes": [
            "84ede052-b997-423e-8e26-f8c69bc03053",
            "606d2e46-f3e6-4c92-bbea-639006328aa4"
          ],
          "failures": [],
          "pending": [],
          "skipped": [],
          "duration": 1780,
          "root": false,
          "rootEmpty": false,
          "_timeout": 2000
        }
      ],
      "passes": [],
      "failures": [],
      "pending": [],
      "skipped": [],
      "duration": 0,
      "root": true,
      "rootEmpty": true,
      "_timeout": 2000
    }
  ],
  "meta": {
    "mocha": {
      "version": "7.0.1"
    },
    "mochawesome": {
      "options": {
        "quiet": false,
        "reportFilename": "mochawesome",
        "saveHtml": false,
        "saveJson": true,
        "consoleReporter": "spec",
        "useInlineDiffs": false,
        "code": true
      },
      "version": "6.2.2"
    },
    "marge": {
      "options": {
        "overwrite": false,
        "html": false,
        "json": true
      },
      "version": "5.2.0"
    }
  }
}