{
  "stats": {
    "suites": 1,
    "tests": 2,
    "passes": 2,
    "pending": 0,
    "failures": 0,
    "start": "2021-05-26T15:33:55.605Z",
    "end": "2021-05-26T15:33:57.106Z",
    "duration": 1501,
    "testsRegistered": 2,
    "passPercent": 100,
    "pendingPercent": 0,
    "other": 0,
    "hasOther": false,
    "skipped": 0,
    "hasSkipped": false
  },
  "results": [
    {
      "uuid": "ef0e7ff7-1418-4885-8d84-b1baf57d6223",
      "title": "",
      "fullFile": "cypress\\integration\\herokuapp\\drag-drop.spec.js",
      "file": "cypress\\integration\\herokuapp\\drag-drop.spec.js",
      "beforeHooks": [],
      "afterHooks": [],
      "tests": [],
      "suites": [
        {
          "uuid": "8bb5fb0b-ad7a-4a2b-8661-f4b3fecb43c7",
          "title": "Drag and Drop",
          "fullFile": "",
          "file": "",
          "beforeHooks": [],
          "afterHooks": [],
          "tests": [
            {
              "title": "should have the correct tagline",
              "fullTitle": "Drag and Drop should have the correct tagline",
              "timedOut": null,
              "duration": 1123,
              "state": "passed",
              "speed": "slow",
              "pass": true,
              "fail": false,
              "pending": false,
              "context": null,
              "code": "utils.assertTagLine(data.drag_drop.tagLine);",
              "err": {},
              "uuid": "8850964f-6029-486b-aed0-876e18765ee3",
              "parentUUID": "8bb5fb0b-ad7a-4a2b-8661-f4b3fecb43c7",
              "isHook": false,
              "skipped": false
            },
            {
              "title": "drags and drops",
              "fullTitle": "Drag and Drop drags and drops",
              "timedOut": null,
              "duration": 352,
              "state": "passed",
              "speed": "slow",
              "pass": true,
              "fail": false,
              "pending": false,
              "context": null,
              "code": "drg.getColumnAHeader().should('have.text', 'A');\ndrg.getColumnBHeader().should('have.text', 'B');\ndrg.drag();\ndrg.getColumnAHeader().should('have.text', 'B');\ndrg.getColumnBHeader().should('have.text', 'A');",
              "err": {},
              "uuid": "a71fd449-1ef9-47d9-b9bb-54572bf00a45",
              "parentUUID": "8bb5fb0b-ad7a-4a2b-8661-f4b3fecb43c7",
              "isHook": false,
              "skipped": false
            }
          ],
          "suites": [],
          "passes": [
            "8850964f-6029-486b-aed0-876e18765ee3",
            "a71fd449-1ef9-47d9-b9bb-54572bf00a45"
          ],
          "failures": [],
          "pending": [],
          "skipped": [],
          "duration": 1475,
          "root": false,
          "rootEmpty": false,
          "_timeout": 2000
        }
      ],
      "passes": [],
      "failures": [],
      "pending": [],
      "skipped": [],
      "duration": 0,
      "root": true,
      "rootEmpty": true,
      "_timeout": 2000
    }
  ],
  "meta": {
    "mocha": {
      "version": "7.0.1"
    },
    "mochawesome": {
      "options": {
        "quiet": false,
        "reportFilename": "mochawesome",
        "saveHtml": false,
        "saveJson": true,
        "consoleReporter": "spec",
        "useInlineDiffs": false,
        "code": true
      },
      "version": "6.2.2"
    },
    "marge": {
      "options": {
        "overwrite": false,
        "html": false,
        "json": true
      },
      "version": "5.2.0"
    }
  }
}