{
  "stats": {
    "suites": 1,
    "tests": 2,
    "passes": 2,
    "pending": 0,
    "failures": 0,
    "start": "2021-05-26T15:33:59.439Z",
    "end": "2021-05-26T15:34:01.027Z",
    "duration": 1588,
    "testsRegistered": 2,
    "passPercent": 100,
    "pendingPercent": 0,
    "other": 0,
    "hasOther": false,
    "skipped": 0,
    "hasSkipped": false
  },
  "results": [
    {
      "uuid": "4a66ae99-2a20-47ec-a204-23f80af4cc5a",
      "title": "",
      "fullFile": "cypress\\integration\\herokuapp\\dropdown.spec.js",
      "file": "cypress\\integration\\herokuapp\\dropdown.spec.js",
      "beforeHooks": [],
      "afterHooks": [],
      "tests": [],
      "suites": [
        {
          "uuid": "36217edc-1e0b-4f3f-8753-2929ab7d64a2",
          "title": "Dropdown List",
          "fullFile": "",
          "file": "",
          "beforeHooks": [],
          "afterHooks": [],
          "tests": [
            {
              "title": "should have the correct tagline",
              "fullTitle": "Dropdown List should have the correct tagline",
              "timedOut": null,
              "duration": 1133,
              "state": "passed",
              "speed": "slow",
              "pass": true,
              "fail": false,
              "pending": false,
              "context": null,
              "code": "utils.assertTagLine(data.dropdown.tagLine);",
              "err": {},
              "uuid": "b645a04f-c121-4684-90ff-ec0186391205",
              "parentUUID": "36217edc-1e0b-4f3f-8753-2929ab7d64a2",
              "isHook": false,
              "skipped": false
            },
            {
              "title": "should select option 2",
              "fullTitle": "Dropdown List should select option 2",
              "timedOut": null,
              "duration": 420,
              "state": "passed",
              "speed": "slow",
              "pass": true,
              "fail": false,
              "pending": false,
              "context": null,
              "code": "dropdown.getSelectedValue().should('have.text', 'Please select an option');\ndropdown.selectOption(\"2\");\ndropdown.selectedOptionShouldHaveValue(2);",
              "err": {},
              "uuid": "f0828c09-ef7d-4d6c-9d21-78007921f5d5",
              "parentUUID": "36217edc-1e0b-4f3f-8753-2929ab7d64a2",
              "isHook": false,
              "skipped": false
            }
          ],
          "suites": [],
          "passes": [
            "b645a04f-c121-4684-90ff-ec0186391205",
            "f0828c09-ef7d-4d6c-9d21-78007921f5d5"
          ],
          "failures": [],
          "pending": [],
          "skipped": [],
          "duration": 1553,
          "root": false,
          "rootEmpty": false,
          "_timeout": 2000
        }
      ],
      "passes": [],
      "failures": [],
      "pending": [],
      "skipped": [],
      "duration": 0,
      "root": true,
      "rootEmpty": true,
      "_timeout": 2000
    }
  ],
  "meta": {
    "mocha": {
      "version": "7.0.1"
    },
    "mochawesome": {
      "options": {
        "quiet": false,
        "reportFilename": "mochawesome",
        "saveHtml": false,
        "saveJson": true,
        "consoleReporter": "spec",
        "useInlineDiffs": false,
        "code": true
      },
      "version": "6.2.2"
    },
    "marge": {
      "options": {
        "overwrite": false,
        "html": false,
        "json": true
      },
      "version": "5.2.0"
    }
  }
}