{
  "stats": {
    "suites": 1,
    "tests": 5,
    "passes": 5,
    "pending": 0,
    "failures": 0,
    "start": "2021-05-26T15:33:19.990Z",
    "end": "2021-05-26T15:33:25.954Z",
    "duration": 5964,
    "testsRegistered": 5,
    "passPercent": 100,
    "pendingPercent": 0,
    "other": 0,
    "hasOther": false,
    "skipped": 0,
    "hasSkipped": false
  },
  "results": [
    {
      "uuid": "948619a4-0168-48d8-b0dc-9a6985f0be6c",
      "title": "",
      "fullFile": "cypress\\integration\\herokuapp\\add-remove.spec.js",
      "file": "cypress\\integration\\herokuapp\\add-remove.spec.js",
      "beforeHooks": [],
      "afterHooks": [],
      "tests": [],
      "suites": [
        {
          "uuid": "ed73dbac-7e9f-4cae-9cbf-e0d50b9085a2",
          "title": "Add/Remove Elements",
          "fullFile": "",
          "file": "",
          "beforeHooks": [],
          "afterHooks": [],
          "tests": [
            {
              "title": "should have the correct tag line",
              "fullTitle": "Add/Remove Elements should have the correct tag line",
              "timedOut": null,
              "duration": 3072,
              "state": "passed",
              "speed": "slow",
              "pass": true,
              "fail": false,
              "pending": false,
              "context": null,
              "code": "utils.assertTagLine(data.add_remove.tagLine);",
              "err": {},
              "uuid": "6672f1b7-a983-493a-99e6-ee4fce23976c",
              "parentUUID": "ed73dbac-7e9f-4cae-9cbf-e0d50b9085a2",
              "isHook": false,
              "skipped": false
            },
            {
              "title": "should add an element",
              "fullTitle": "Add/Remove Elements should add an element",
              "timedOut": null,
              "duration": 360,
              "state": "passed",
              "speed": "slow",
              "pass": true,
              "fail": false,
              "pending": false,
              "context": null,
              "code": "utils.clickOn(addRemove.getAddElementButton());\nutils.assertLength(addRemove.getDeleteElements(), 1);",
              "err": {},
              "uuid": "644dc27a-460d-425a-a1f1-fb86487e0728",
              "parentUUID": "ed73dbac-7e9f-4cae-9cbf-e0d50b9085a2",
              "isHook": false,
              "skipped": false
            },
            {
              "title": "should add more elements",
              "fullTitle": "Add/Remove Elements should add more elements",
              "timedOut": null,
              "duration": 662,
              "state": "passed",
              "speed": "slow",
              "pass": true,
              "fail": false,
              "pending": false,
              "context": null,
              "code": "addRemove.addElements(5);\nutils.assertLength(addRemove.getDeleteElements(), 5);",
              "err": {},
              "uuid": "80942380-a934-47fd-a651-7c122784a613",
              "parentUUID": "ed73dbac-7e9f-4cae-9cbf-e0d50b9085a2",
              "isHook": false,
              "skipped": false
            },
            {
              "title": "should remove the last button",
              "fullTitle": "Add/Remove Elements should remove the last button",
              "timedOut": null,
              "duration": 764,
              "state": "passed",
              "speed": "slow",
              "pass": true,
              "fail": false,
              "pending": false,
              "context": null,
              "code": "addRemove.addElements(5);\naddRemove.deleteNthElement(5);\nutils.assertLength(addRemove.getDeleteElements(), 4);",
              "err": {},
              "uuid": "aaa68ae0-cfa1-4219-b6f4-38bad67024e8",
              "parentUUID": "ed73dbac-7e9f-4cae-9cbf-e0d50b9085a2",
              "isHook": false,
              "skipped": false
            },
            {
              "title": "should delete all elements",
              "fullTitle": "Add/Remove Elements should delete all elements",
              "timedOut": null,
              "duration": 1052,
              "state": "passed",
              "speed": "slow",
              "pass": true,
              "fail": false,
              "pending": false,
              "context": null,
              "code": "addRemove.addElements(5);\naddRemove.deleteAllElements();\nutils.elementShouldNotExist(addRemove.getDeleteElements());",
              "err": {},
              "uuid": "57089ee3-d38a-4709-b300-8747c293435e",
              "parentUUID": "ed73dbac-7e9f-4cae-9cbf-e0d50b9085a2",
              "isHook": false,
              "skipped": false
            }
          ],
          "suites": [],
          "passes": [
            "6672f1b7-a983-493a-99e6-ee4fce23976c",
            "644dc27a-460d-425a-a1f1-fb86487e0728",
            "80942380-a934-47fd-a651-7c122784a613",
            "aaa68ae0-cfa1-4219-b6f4-38bad67024e8",
            "57089ee3-d38a-4709-b300-8747c293435e"
          ],
          "failures": [],
          "pending": [],
          "skipped": [],
          "duration": 5910,
          "root": false,
          "rootEmpty": false,
          "_timeout": 2000
        }
      ],
      "passes": [],
      "failures": [],
      "pending": [],
      "skipped": [],
      "duration": 0,
      "root": true,
      "rootEmpty": true,
      "_timeout": 2000
    }
  ],
  "meta": {
    "mocha": {
      "version": "7.0.1"
    },
    "mochawesome": {
      "options": {
        "quiet": false,
        "reportFilename": "mochawesome",
        "saveHtml": false,
        "saveJson": true,
        "consoleReporter": "spec",
        "useInlineDiffs": false,
        "code": true
      },
      "version": "6.2.2"
    },
    "marge": {
      "options": {
        "overwrite": false,
        "html": false,
        "json": true
      },
      "version": "5.2.0"
    }
  }
}